0 verbose cli [
0 verbose cli   '/opt/homebrew/Cellar/node/17.8.0/bin/node',
0 verbose cli   '/opt/homebrew/bin/npm',
0 verbose cli   'install',
0 verbose cli   '--ignore-scripts',
0 verbose cli   'types-registry@latest'
0 verbose cli ]
1 info using npm@8.5.5
2 info using node@v17.8.0
3 timing npm:load:whichnode Completed in 0ms
4 timing config:load:defaults Completed in 1ms
5 timing config:load:file:/opt/homebrew/lib/node_modules/npm/npmrc Completed in 6ms
6 timing config:load:builtin Completed in 6ms
7 timing config:load:cli Completed in 1ms
8 timing config:load:env Completed in 1ms
9 timing config:load:file:/Users/rsvshoban/Library/Caches/typescript/4.6/.npmrc Completed in 0ms
10 timing config:load:project Completed in 2ms
11 timing config:load:file:/Users/rsvshoban/.npmrc Completed in 0ms
12 timing config:load:user Completed in 0ms
13 timing config:load:file:/opt/homebrew/etc/npmrc Completed in 0ms
14 timing config:load:global Completed in 0ms
15 timing config:load:validate Completed in 1ms
16 timing config:load:credentials Completed in 0ms
17 timing config:load:setEnvs Completed in 0ms
18 timing config:load Completed in 13ms
19 timing npm:load:configload Completed in 13ms
20 timing npm:load:setTitle Completed in 3ms
21 timing config:load:flatten Completed in 1ms
22 timing npm:load:display Completed in 2ms
23 verbose logfile /Users/rsvshoban/.npm/_logs/2022-05-19T17_03_34_600Z-debug-0.log
24 timing npm:load:logFile Completed in 3ms
25 timing npm:load:timers Completed in 0ms
26 timing npm:load:configScope Completed in 0ms
27 timing npm:load Completed in 21ms
28 timing arborist:ctor Completed in 0ms
29 silly logfile start cleaning logs, removing 1 files
30 timing idealTree:init Completed in 14ms
31 timing arborist:ctor Completed in 1ms
32 http fetch GET 200 https://registry.npmjs.org/types-registry 179ms (cache updated)
33 timing idealTree:userRequests Completed in 182ms
34 silly idealTree buildDeps
35 silly fetch manifest types-registry@0.1.593
36 silly placeDep ROOT types-registry@0.1.593 REPLACE for:  want: 0.1.593
37 timing idealTree:#root Completed in 2ms
38 timing idealTree:node_modules/types-registry Completed in 0ms
39 timing idealTree:buildDeps Completed in 3ms
40 timing idealTree:fixDepFlags Completed in 0ms
41 timing idealTree Completed in 200ms
42 timing reify:loadTrees Completed in 200ms
43 timing reify:diffTrees Completed in 1ms
44 silly reify mark retired [
44 silly reify   '/Users/rsvshoban/Library/Caches/typescript/4.6/node_modules/types-registry'
44 silly reify ]
45 silly reify moves {
45 silly reify   '/Users/rsvshoban/Library/Caches/typescript/4.6/node_modules/types-registry': '/Users/rsvshoban/Library/Caches/typescript/4.6/node_modules/.types-registry-9ZGwPBZ7'
45 silly reify }
46 timing reify:retireShallow Completed in 2ms
47 timing reify:createSparse Completed in 0ms
48 timing reify:loadBundles Completed in 0ms
49 silly audit bulk request {
49 silly audit   '@types/body-parser': [ '1.19.2' ],
49 silly audit   '@types/connect': [ '3.4.35' ],
49 silly audit   '@types/cookie-parser': [ '1.4.3' ],
49 silly audit   '@types/cors': [ '2.8.12' ],
49 silly audit   '@types/express': [ '4.17.13' ],
49 silly audit   '@types/express-jwt': [ '6.0.4' ],
49 silly audit   '@types/express-serve-static-core': [ '4.17.28' ],
49 silly audit   '@types/express-unless': [ '0.5.3' ],
49 silly audit   '@types/formidable': [ '2.0.5' ],
49 silly audit   '@types/jsonwebtoken': [ '8.5.8' ],
49 silly audit   '@types/lodash': [ '4.14.182' ],
49 silly audit   '@types/merge-descriptors': [ '1.0.1' ],
49 silly audit   '@types/mime': [ '1.3.2' ],
49 silly audit   '@types/morgan': [ '1.9.3' ],
49 silly audit   '@types/node': [ '17.0.25' ],
49 silly audit   '@types/nodemon': [ '1.19.1' ],
49 silly audit   '@types/npm': [ '7.19.0' ],
49 silly audit   '@types/qs': [ '6.9.7' ],
49 silly audit   '@types/range-parser': [ '1.2.4' ],
49 silly audit   '@types/serve-static': [ '1.13.10' ],
49 silly audit   '@types/uuid': [ '8.3.4' ],
49 silly audit   'types-registry': [ '0.1.593' ]
49 silly audit }
50 silly tarball no local data for types-registry@https://registry.npmjs.org/types-registry/-/types-registry-0.1.593.tgz. Extracting by manifest.
51 http fetch GET 200 https://registry.npmjs.org/types-registry/-/types-registry-0.1.593.tgz 114ms (cache miss)
52 timing reifyNode:node_modules/types-registry Completed in 118ms
53 timing reify:unpack Completed in 118ms
54 timing reify:unretire Completed in 0ms
55 timing build:queue Completed in 0ms
56 timing build:deps Completed in 0ms
57 timing build Completed in 0ms
58 timing reify:build Completed in 1ms
59 timing reify:trash Completed in 2ms
60 timing reify:save Completed in 12ms
61 http fetch POST 200 https://registry.npmjs.org/-/npm/v1/security/advisories/bulk 1012ms
62 timing auditReport:getReport Completed in 1013ms
63 silly audit report {}
64 timing auditReport:init Completed in 0ms
65 timing reify:audit Completed in 1013ms
66 timing reify Completed in 1220ms
67 silly CHANGE node_modules/types-registry
68 timing command:install Completed in 1224ms
69 verbose exit 0
70 timing npm Completed in 1383ms
71 info ok
